2016-12-20 17:14:27,748 INFO  c.i.mapinfo.MapInfoApplicationTests - Starting MapInfoApplicationTests on israjhaliri-Lenovo-ideapad-300-14ISK with PID 15886 (started by israjhaliri in /media/israjhaliri/Data/CODE/PROJECT/java/mine/project-java-mapinfo) 
2016-12-20 17:14:27,749 DEBUG c.i.mapinfo.MapInfoApplicationTests - Running with Spring Boot v1.4.1.RELEASE, Spring v4.3.3.RELEASE 
2016-12-20 17:14:27,750 INFO  c.i.mapinfo.MapInfoApplicationTests - No active profile set, falling back to default profiles: default 
2016-12-20 17:14:32,555 ERROR c.i.mapinfo.MapInfoApplication - Message logged at ERROR level 
2016-12-20 17:14:32,556 WARN  c.i.mapinfo.MapInfoApplication - Message logged at WARN level 
2016-12-20 17:14:32,556 INFO  c.i.mapinfo.MapInfoApplication - Message logged at INFO level 
2016-12-20 17:14:32,556 DEBUG c.i.mapinfo.MapInfoApplication - Message logged at DEBUG level 
2016-12-20 17:14:32,776 INFO  c.i.mapinfo.MapInfoApplication - data user = User{id='585904883fba2b3e0ede5621', username='israj', password='$2a$10$M3p/awf2XC9Xiz4tdpge1eXbXb2nNwi1TA0pK7ntRWBHXBIYUrD3e', enable=1, role='ROLE_ADMIN'} 
2016-12-20 17:14:32,777 INFO  c.i.mapinfo.MapInfoApplicationTests - Started MapInfoApplicationTests in 5.589 seconds (JVM running for 6.678) 
2016-12-20 17:15:07,451 INFO  c.i.mapinfo.MapInfoApplication - Starting MapInfoApplication on israjhaliri-Lenovo-ideapad-300-14ISK with PID 15960 (/media/israjhaliri/Data/CODE/PROJECT/java/mine/project-java-mapinfo/target/classes started by israjhaliri in /media/israjhaliri/Data/CODE/PROJECT/java/mine/project-java-mapinfo) 
2016-12-20 17:15:07,456 DEBUG c.i.mapinfo.MapInfoApplication - Running with Spring Boot v1.4.1.RELEASE, Spring v4.3.3.RELEASE 
2016-12-20 17:15:07,456 INFO  c.i.mapinfo.MapInfoApplication - No active profile set, falling back to default profiles: default 
2016-12-20 17:15:10,354 DEBUG c.i.m.c.SimpleCORSFilter$$EnhancerBySpringCGLIB$$2776f8e6 - Initializing filter 'simpleCORSFilter' 
2016-12-20 17:15:10,354 DEBUG c.i.m.c.SimpleCORSFilter$$EnhancerBySpringCGLIB$$2776f8e6 - Filter 'simpleCORSFilter' configured successfully 
2016-12-20 17:20:01,910 INFO  c.i.mapinfo.MapInfoApplication - Starting MapInfoApplication on israjhaliri-Lenovo-ideapad-300-14ISK with PID 16134 (/media/israjhaliri/Data/CODE/PROJECT/java/mine/project-java-mapinfo/target/classes started by israjhaliri in /media/israjhaliri/Data/CODE/PROJECT/java/mine/project-java-mapinfo) 
2016-12-20 17:20:01,915 DEBUG c.i.mapinfo.MapInfoApplication - Running with Spring Boot v1.4.1.RELEASE, Spring v4.3.3.RELEASE 
2016-12-20 17:20:01,916 INFO  c.i.mapinfo.MapInfoApplication - No active profile set, falling back to default profiles: default 
2016-12-20 17:20:05,598 DEBUG c.i.m.c.SimpleCORSFilter$$EnhancerBySpringCGLIB$$852f74e0 - Initializing filter 'simpleCORSFilter' 
2016-12-20 17:20:05,598 DEBUG c.i.m.c.SimpleCORSFilter$$EnhancerBySpringCGLIB$$852f74e0 - Filter 'simpleCORSFilter' configured successfully 
2016-12-20 17:20:08,734 ERROR c.i.mapinfo.MapInfoApplication - Message logged at ERROR level 
2016-12-20 17:20:08,734 WARN  c.i.mapinfo.MapInfoApplication - Message logged at WARN level 
2016-12-20 17:20:08,735 INFO  c.i.mapinfo.MapInfoApplication - Message logged at INFO level 
2016-12-20 17:20:08,735 DEBUG c.i.mapinfo.MapInfoApplication - Message logged at DEBUG level 
2016-12-20 17:20:09,047 INFO  c.i.mapinfo.MapInfoApplication - data user = User{id='585905d93fba2b3f06f9f2bd', username='israj', password='$2a$10$M3p/awf2XC9Xiz4tdpge1eXbXb2nNwi1TA0pK7ntRWBHXBIYUrD3e', enable=1, role='ROLE_ADMIN'} 
2016-12-20 17:20:09,049 INFO  c.i.mapinfo.MapInfoApplication - Started MapInfoApplication in 8.08 seconds (JVM running for 8.782) 
2016-12-20 17:20:35,845 DEBUG c.i.m.c.DashboardController - username login : israj 
2016-12-20 17:20:36,736 DEBUG c.i.m.c.DashboardController - username login : israj 
2016-12-20 17:22:33,414 INFO  com.mapinfo.MapInfoApplicationTests - Starting MapInfoApplicationTests on israjhaliri-Lenovo-ideapad-300-14ISK with PID 16400 (started by israjhaliri in /media/israjhaliri/Data/CODE/PROJECT/java/mine/project-java-mapinfo) 
2016-12-20 17:22:33,419 DEBUG com.mapinfo.MapInfoApplicationTests - Running with Spring Boot v1.4.1.RELEASE, Spring v4.3.3.RELEASE 
2016-12-20 17:22:33,422 INFO  com.mapinfo.MapInfoApplicationTests - No active profile set, falling back to default profiles: default 
2016-12-20 17:22:39,786 INFO  com.mapinfo.MapInfoApplication - data user = User{id='5859066f3fba2b4010e41f79', username='israj', password='$2a$10$M3p/awf2XC9Xiz4tdpge1eXbXb2nNwi1TA0pK7ntRWBHXBIYUrD3e', enable=1, role='ROLE_ADMIN'} 
2016-12-20 17:22:39,788 INFO  com.mapinfo.MapInfoApplicationTests - Started MapInfoApplicationTests in 7.074 seconds (JVM running for 8.414) 
2016-12-20 17:22:47,071 INFO  com.mapinfo.MapInfoApplicationTests - Starting MapInfoApplicationTests on israjhaliri-Lenovo-ideapad-300-14ISK with PID 16474 (started by israjhaliri in /media/israjhaliri/Data/CODE/PROJECT/java/mine/project-java-mapinfo) 
2016-12-20 17:22:47,077 DEBUG com.mapinfo.MapInfoApplicationTests - Running with Spring Boot v1.4.1.RELEASE, Spring v4.3.3.RELEASE 
2016-12-20 17:22:47,078 INFO  com.mapinfo.MapInfoApplicationTests - No active profile set, falling back to default profiles: default 
2016-12-20 17:22:52,202 INFO  com.mapinfo.MapInfoApplication - data user = User{id='5859067c3fba2b405ae39222', username='israj', password='$2a$10$M3p/awf2XC9Xiz4tdpge1eXbXb2nNwi1TA0pK7ntRWBHXBIYUrD3e', enable=1, role='ROLE_ADMIN'} 
2016-12-20 17:22:52,203 INFO  com.mapinfo.MapInfoApplicationTests - Started MapInfoApplicationTests in 5.556 seconds (JVM running for 6.414) 
2016-12-20 17:23:03,059 INFO  com.mapinfo.MapInfoApplication - Starting MapInfoApplication on israjhaliri-Lenovo-ideapad-300-14ISK with PID 16529 (/media/israjhaliri/Data/CODE/PROJECT/java/mine/project-java-mapinfo/target/classes started by israjhaliri in /media/israjhaliri/Data/CODE/PROJECT/java/mine/project-java-mapinfo) 
2016-12-20 17:23:03,064 DEBUG com.mapinfo.MapInfoApplication - Running with Spring Boot v1.4.1.RELEASE, Spring v4.3.3.RELEASE 
2016-12-20 17:23:03,064 INFO  com.mapinfo.MapInfoApplication - No active profile set, falling back to default profiles: default 
2016-12-20 17:23:06,137 DEBUG c.m.c.SimpleCORSFilter$$EnhancerBySpringCGLIB$$40e06a73 - Initializing filter 'simpleCORSFilter' 
2016-12-20 17:23:06,137 DEBUG c.m.c.SimpleCORSFilter$$EnhancerBySpringCGLIB$$40e06a73 - Filter 'simpleCORSFilter' configured successfully 
2016-12-20 17:23:09,295 INFO  com.mapinfo.MapInfoApplication - data user = User{id='5859068d3fba2b409114a260', username='israj', password='$2a$10$M3p/awf2XC9Xiz4tdpge1eXbXb2nNwi1TA0pK7ntRWBHXBIYUrD3e', enable=1, role='ROLE_ADMIN'} 
2016-12-20 17:23:09,297 INFO  com.mapinfo.MapInfoApplication - Started MapInfoApplication in 7.148 seconds (JVM running for 7.908) 
2016-12-20 17:23:23,277 DEBUG c.m.controller.DashboardController - username login : israj 
